<?xml version="1.0" encoding="UTF-8"?>
<testsuite xmlns:xsi="http://www.w3.org/2001/XMLSchema-instance" xsi:noNamespaceSchemaLocation="https://maven.apache.org/surefire/maven-surefire-plugin/xsd/surefire-test-report-3.0.xsd" version="3.0" name="runner.TestRunner" time="52.322" tests="3" errors="0" skipped="0" failures="0">
  <properties>
[...]
</properties>
  <testcase name="Consulter Banque privé" classname="Expertise" time="16.307">
    <system-out><![CDATA[
@Expertise
Scenario Outline: Consulter Banque privé &amp#27;[90m# src/test/resources/AIO_Features/Expertisee.feature:12&amp#27;[0m
  &amp#27;[32mGiven &amp#27;[0m&amp#27;[32mI am on Expertises&amp#27;[0m               &amp#27;[90m# com.exemple.oddoproject.bdd.StepDefinitionExpertise.i_am_on_expertises()&amp#27;[0m
  &amp#27;[32mWhen &amp#27;[0m&amp#27;[32mI click on Banque privé&amp#27;[0m           &amp#27;[90m# com.exemple.oddoproject.bdd.StepDefinitionExpertise.i_click_on_banque_privé()&amp#27;[0m
  &amp#27;[32mThen &amp#27;[0m&amp#27;[32mtitle Banque privée is displayed&amp#27;[0m  &amp#27;[90m# com.exemple.oddoproject.bdd.StepDefinitionExpertise.title_banque_privée_is_displayed()&amp#27;[0m
]]></system-out>
    <system-err><![CDATA[SLF4J(W): No SLF4J providers were found.
SLF4J(W): Defaulting to no-operation (NOP) logger implementation
SLF4J(W): See https://www.slf4j.org/codes.html#noProviders for further details.
Starting ChromeDriver 134.0.6998.35 (ea6ef4c2ac15ae95d2cfd65682da62c093415099-refs/branch-heads/6998@{#1472}) on port 48972
Only local connections are allowed.
Please see https://chromedriver.chromium.org/security-considerations for suggestions on keeping ChromeDriver safe.
ChromeDriver was started successfully on port 48972.
Mar 16, 2025 9:16:24 PM org.openqa.selenium.remote.ProtocolHandshake createSession
INFO: Detected dialect: W3C
Mar 16, 2025 9:16:24 PM org.openqa.selenium.devtools.CdpVersionFinder findNearestMatch
WARNING: Unable to find an exact match for CDP version 134, so returning the closest version found: a no-op implementation
Mar 16, 2025 9:16:24 PM org.openqa.selenium.devtools.CdpVersionFinder findNearestMatch
INFO: Unable to find CDP implementation matching 134.
Mar 16, 2025 9:16:24 PM org.openqa.selenium.chromium.ChromiumDriver lambda$new$3
WARNING: Unable to find version of CDP to use for . You may need to include a dependency on a specific version of the CDP using something similar to `org.seleniumhq.selenium:selenium-devtools-v86:4.0.0` where the version ("v86") matches the version of the chromium-based browser you're using and the version number of the artifact is the same as Selenium's.
]]></system-err>
  </testcase>
  <testcase name="Consulter Private Assets" classname="Expertise" time="18.154">
    <system-out><![CDATA[
@Expertise
Scenario Outline: Consulter Private Assets &amp#27;[90m# src/test/resources/AIO_Features/Expertisee.feature:13&amp#27;[0m
  &amp#27;[32mGiven &amp#27;[0m&amp#27;[32mI am on Expertises&amp#27;[0m                 &amp#27;[90m# com.exemple.oddoproject.bdd.StepDefinitionExpertise.i_am_on_expertises()&amp#27;[0m
  &amp#27;[32mWhen &amp#27;[0m&amp#27;[32mI click on Private Assets&amp#27;[0m           &amp#27;[90m# com.exemple.oddoproject.bdd.StepDefinitionExpertise.i_click_on_private_assets()&amp#27;[0m
  &amp#27;[32mThen &amp#27;[0m&amp#27;[32mtitle PRIVATE ASSESTS is displayed&amp#27;[0m  &amp#27;[90m# com.exemple.oddoproject.bdd.StepDefinitionExpertise.title_private_assests_is_displayed()&amp#27;[0m
]]></system-out>
    <system-err><![CDATA[Starting ChromeDriver 134.0.6998.35 (ea6ef4c2ac15ae95d2cfd65682da62c093415099-refs/branch-heads/6998@{#1472}) on port 48564
Only local connections are allowed.
Please see https://chromedriver.chromium.org/security-considerations for suggestions on keeping ChromeDriver safe.
ChromeDriver was started successfully on port 48564.
Mar 16, 2025 9:16:39 PM org.openqa.selenium.remote.ProtocolHandshake createSession
INFO: Detected dialect: W3C
Mar 16, 2025 9:16:39 PM org.openqa.selenium.devtools.CdpVersionFinder findNearestMatch
WARNING: Unable to find an exact match for CDP version 134, so returning the closest version found: a no-op implementation
Mar 16, 2025 9:16:39 PM org.openqa.selenium.devtools.CdpVersionFinder findNearestMatch
INFO: Unable to find CDP implementation matching 134.
Mar 16, 2025 9:16:39 PM org.openqa.selenium.chromium.ChromiumDriver lambda$new$3
WARNING: Unable to find version of CDP to use for . You may need to include a dependency on a specific version of the CDP using something similar to `org.seleniumhq.selenium:selenium-devtools-v86:4.0.0` where the version ("v86") matches the version of the chromium-based browser you're using and the version number of the artifact is the same as Selenium's.
]]></system-err>
  </testcase>
  <testcase name="Consulter Recherche et Intermédiation" classname="Expertise" time="17.112">
    <system-out><![CDATA[
@Expertise
Scenario Outline: Consulter Recherche et Intermédiation &amp#27;[90m# src/test/resources/AIO_Features/Expertisee.feature:14&amp#27;[0m
  &amp#27;[32mGiven &amp#27;[0m&amp#27;[32mI am on Expertises&amp#27;[0m                              &amp#27;[90m# com.exemple.oddoproject.bdd.StepDefinitionExpertise.i_am_on_expertises()&amp#27;[0m
  &amp#27;[32mWhen &amp#27;[0m&amp#27;[32mI click on Recherche et Intermédiation&amp#27;[0m           &amp#27;[90m# com.exemple.oddoproject.bdd.StepDefinitionExpertise.i_click_on_recherche_et_intermédiation()&amp#27;[0m
  &amp#27;[32mThen &amp#27;[0m&amp#27;[32mtitle Recherche et Intermédiation is displayed&amp#27;[0m   &amp#27;[90m# com.exemple.oddoproject.bdd.StepDefinitionExpertise.title_recherche_et_intermédiation_is_displayed()&amp#27;[0m
]]></system-out>
    <system-err><![CDATA[Starting ChromeDriver 134.0.6998.35 (ea6ef4c2ac15ae95d2cfd65682da62c093415099-refs/branch-heads/6998@{#1472}) on port 53704
Only local connections are allowed.
Please see https://chromedriver.chromium.org/security-considerations for suggestions on keeping ChromeDriver safe.
ChromeDriver was started successfully on port 53704.
Mar 16, 2025 9:16:57 PM org.openqa.selenium.remote.ProtocolHandshake createSession
INFO: Detected dialect: W3C
Mar 16, 2025 9:16:57 PM org.openqa.selenium.devtools.CdpVersionFinder findNearestMatch
WARNING: Unable to find an exact match for CDP version 134, so returning the closest version found: a no-op implementation
Mar 16, 2025 9:16:57 PM org.openqa.selenium.devtools.CdpVersionFinder findNearestMatch
INFO: Unable to find CDP implementation matching 134.
Mar 16, 2025 9:16:57 PM org.openqa.selenium.chromium.ChromiumDriver lambda$new$3
WARNING: Unable to find version of CDP to use for . You may need to include a dependency on a specific version of the CDP using something similar to `org.seleniumhq.selenium:selenium-devtools-v86:4.0.0` where the version ("v86") matches the version of the chromium-based browser you're using and the version number of the artifact is the same as Selenium's.
]]></system-err>
  </testcase>
</testsuite>